<?xml version="1.0" encoding="UTF-8"?>
<testsuite xmlns:xsi="http://www.w3.org/2001/XMLSchema-instance" xsi:noNamespaceSchemaLocation="https://maven.apache.org/surefire/maven-surefire-plugin/xsd/surefire-test-report.xsd" name="com.javabrains.MathUtilsTest" time="0.028" tests="2" errors="2" skipped="0" failures="0">
  <properties>
[...]
</properties>
  <testcase name="test" classname="com.javabrains.MathUtilsTest" time="0.014">
    <error message="Unable to make com.javabrains.MathUtilsTest() accessible: module com.javabrains does not &quot;opens com.javabrains&quot; to unnamed module @757acd7b" type="java.lang.reflect.InaccessibleObjectException">java.lang.reflect.InaccessibleObjectException: Unable to make com.javabrains.MathUtilsTest() accessible: module com.javabrains does not "opens com.javabrains" to unnamed module @757acd7b
</error>
  </testcase>
  <testcase name="testComputeCircleRadius" classname="com.javabrains.MathUtilsTest" time="0.001">
    <error message="Unable to make com.javabrains.MathUtilsTest() accessible: module com.javabrains does not &quot;opens com.javabrains&quot; to unnamed module @757acd7b" type="java.lang.reflect.InaccessibleObjectException">java.lang.reflect.InaccessibleObjectException: Unable to make com.javabrains.MathUtilsTest() accessible: module com.javabrains does not "opens com.javabrains" to unnamed module @757acd7b
</error>
  </testcase>
</testsuite>